<?xml version="1.0" encoding="UTF-8"?>
<testsuites name="Mocha Tests" time="250.663" tests="4" failures="4">
  <testsuite name="Root Suite" timestamp="2023-05-31T11:38:38" tests="0" file="cypress\e2e\visual\login.js" time="0.000" failures="0">
  </testsuite>
  <testsuite name="Login Test" timestamp="2023-05-31T11:38:38" tests="4" time="250.617" failures="4">
    <testcase name="Login Test should successfully login with valid credentials for the super user" time="0.000" classname="should successfully login with valid credentials for the super user">
      <failure message="Timed out after waiting `60000ms` for your remote page to load.

Your page did not fire its `load` event within `60000ms`.

You can try increasing the `pageLoadTimeout` value in `cypress.config.js` to wait longer.

Browsers will not fire the `load` event until all stylesheets and scripts are done downloading.

When this `load` event occurs, Cypress will continue running commands." type="CypressError"><![CDATA[CypressError: Timed out after waiting `60000ms` for your remote page to load.

Your page did not fire its `load` event within `60000ms`.

You can try increasing the `pageLoadTimeout` value in `cypress.config.js` to wait longer.

Browsers will not fire the `load` event until all stylesheets and scripts are done downloading.

When this `load` event occurs, Cypress will continue running commands.
    at timedOutWaitingForPageLoad (https://beta.zamupay.com/__cypress/runner/cypress_runner.js:146720:72)
    at <unknown> (https://beta.zamupay.com/__cypress/runner/cypress_runner.js:147018:16)
    at tryCatcher (https://beta.zamupay.com/__cypress/runner/cypress_runner.js:18744:23)
    at <unknown> (https://beta.zamupay.com/__cypress/runner/cypress_runner.js:13866:41)
    at tryCatcher (https://beta.zamupay.com/__cypress/runner/cypress_runner.js:18744:23)
    at Promise._settlePromiseFromHandler (https://beta.zamupay.com/__cypress/runner/cypress_runner.js:16679:31)
    at Promise._settlePromise (https://beta.zamupay.com/__cypress/runner/cypress_runner.js:16736:18)
    at Promise._settlePromise0 (https://beta.zamupay.com/__cypress/runner/cypress_runner.js:16781:10)
    at Promise._settlePromises (https://beta.zamupay.com/__cypress/runner/cypress_runner.js:16857:18)
    at _drainQueueStep (https://beta.zamupay.com/__cypress/runner/cypress_runner.js:13451:12)
    at _drainQueue (https://beta.zamupay.com/__cypress/runner/cypress_runner.js:13444:9)
    at ../../node_modules/bluebird/js/release/async.js.Async._drainQueues (https://beta.zamupay.com/__cypress/runner/cypress_runner.js:13460:5)
    at Async.drainQueues (https://beta.zamupay.com/__cypress/runner/cypress_runner.js:13330:14)
From Your Spec Code:
    at Context.eval (webpack:///./cypress/e2e/visual/login.js:13:15)]]></failure>
    </testcase>
    <testcase name="Login Test should successfully login with valid credentials for the customer admin" time="0.000" classname="should successfully login with valid credentials for the customer admin">
      <failure message="Timed out retrying after 10000ms: Expected to find element: `li`, but never found it. Queried from:

              &gt; cy.get(div)" type="AssertionError"><![CDATA[AssertionError: Timed out retrying after 10000ms: Expected to find element: `li`, but never found it. Queried from:

              > cy.get(div)
    at Context.eval (webpack:///./cypress/e2e/visual/login.js:22:33)]]></failure>
    </testcase>
    <testcase name="Login Test should display an error message for invalid credentials the super user" time="0.000" classname="should display an error message for invalid credentials the super user">
      <failure message="Timed out retrying after 10000ms: Expected to find element: `#username`, but never found it." type="AssertionError"><![CDATA[AssertionError: Timed out retrying after 10000ms: Expected to find element: `#username`, but never found it.
    at Context.eval (webpack:///./cypress/e2e/visual/login.js:36:9)]]></failure>
    </testcase>
    <testcase name="Login Test should display an error message for invalid credentials the customer admin" time="0.000" classname="should display an error message for invalid credentials the customer admin">
      <failure message="Timed out retrying after 10000ms: Expected to find element: `#username`, but never found it." type="AssertionError"><![CDATA[AssertionError: Timed out retrying after 10000ms: Expected to find element: `#username`, but never found it.
    at Context.eval (webpack:///./cypress/e2e/visual/login.js:46:11)]]></failure>
    </testcase>
  </testsuite>
</testsuites>